#
# There is insufficient memory for the Java Runtime Environment to continue.
# Native memory allocation (malloc) failed to allocate 1048576 bytes for AllocateHeap
# Possible reasons:
#   The system is out of physical RAM or swap space
#   The process is running with CompressedOops enabled, and the Java Heap may be blocking the growth of the native heap
# Possible solutions:
#   Reduce memory load on the system
#   Increase physical memory or swap space
#   Check if swap backing store is full
#   Decrease Java heap size (-Xmx/-Xms)
#   Decrease number of Java threads
#   Decrease Java thread stack sizes (-Xss)
#   Set larger code cache with -XX:ReservedCodeCacheSize=
#   JVM is running with Zero Based Compressed Oops mode in which the Java heap is
#     placed in the first 32GB address space. The Java Heap base address is the
#     maximum limit for the native heap growth. Please use -XX:HeapBaseMinAddress
#     to set the Java Heap base and to place the Java Heap above 32GB virtual address.
# This output file may be truncated or incomplete.
#
#  Out of Memory Error (allocation.cpp:44), pid=30368, tid=28828
#
# JRE version:  (17.0.9) (build )
# Java VM: OpenJDK 64-Bit Server VM (17.0.9+0--11185874, mixed mode, sharing, tiered, compressed oops, compressed class ptrs, g1 gc, windows-amd64)
# No core dump will be written. Minidumps are not enabled by default on client versions of Windows
#

---------------  S U M M A R Y ------------

Command Line: org.jetbrains.kotlin.cli.jvm.K2JVMCompiler @D:\Synapse Android\Synapse\app\build\20240724_5335015609565644.compiler.options

Host: AMD Ryzen 5 4600H with Radeon Graphics         , 12 cores, 15G,  Windows 11 , 64 bit Build 22621 (10.0.22621.3672)
Time: Wed Jul 24 20:04:09 2024 India Standard Time elapsed time: 0.012382 seconds (0d 0h 0m 0s)

---------------  T H R E A D  ---------------

Current thread (0x0000021b7907e7d0):  JavaThread "Unknown thread" [_thread_in_vm, id=28828, stack(0x000000e677400000,0x000000e677500000)]

Stack: [0x000000e677400000,0x000000e677500000]
Native frames: (J=compiled Java code, j=interpreted, Vv=VM code, C=native code)
V  [jvm.dll+0x6886e9]
V  [jvm.dll+0x841e4a]
V  [jvm.dll+0x843a8e]
V  [jvm.dll+0x8440f3]
V  [jvm.dll+0x24c14f]
V  [jvm.dll+0xa6b5b]
V  [jvm.dll+0x2ec017]
V  [jvm.dll+0x2e3cab]
V  [jvm.dll+0x8129f1]
V  [jvm.dll+0x3720c1]
V  [jvm.dll+0x7f152c]
V  [jvm.dll+0x3f5d4f]
V  [jvm.dll+0x3f7981]
C  [jli.dll+0x528f]
C  [ucrtbase.dll+0x29333]
C  [KERNEL32.DLL+0x1257d]
C  [ntdll.dll+0x5af28]


---------------  P R O C E S S  ---------------

Threads class SMR info:
_java_thread_list=0x00007ffa2c7aef18, length=0, elements={
}

Java Threads: ( => current thread )

Other Threads:
  0x0000021b7b337080 GCTaskThread "GC Thread#0" [stack: 0x000000e677500000,0x000000e677600000] [id=28680]

[error occurred during error reporting (printing all threads), id 0xc0000005, EXCEPTION_ACCESS_VIOLATION (0xc0000005) at pc=0x00007ffa2bf60f60]

VM state: not at safepoint (not fully initialized)

VM Mutex/Monitor currently owned by a thread:  ([mutex/lock_event])
[0x0000021b7b2cea80] Heap_lock - owner thread: 0x0000021b7907e7d0

Heap address: 0x0000000709400000, size: 3948 MB, Compressed Oops mode: Zero based, Oop shift amount: 3

CDS archive(s) mapped at: [0x0000000000000000-0x0000000000000000-0x0000000000000000), size 0, SharedBaseAddress: 0x0000000800000000, ArchiveRelocationMode: 1.
Narrow klass base: 0x0000000000000000, Narrow klass shift: 0, Narrow klass range: 0x0

GC Precious Log:
<Empty>

Heap:
 garbage-first heap   total 0K, used 0K [0x0000000709400000, 0x0000000800000000)
  region size 2048K, 0 young (0K), 0 survivors (0K)
 Metaspace       used 0K, committed 0K, reserved 0K
  class space    used 0K, committed 0K, reserved 0K

Heap Regions: E=young(eden), S=young(survivor), O=old, HS=humongous(starts), HC=humongous(continues), CS=collection set, F=free, OA=open archive, CA=closed archive, TAMS=top-at-mark-start (previous, next)

Card table byte_map: [0x0000021b7f4b0000,0x0000021b7fc70000] _byte_map_base: 0x0000021b7bc66000

GC Heap History (0 events):
No events

Dll operation events (1 events):
Event: 0.008 Loaded shared library C:\Program Files\Android\Android Studio1\jbr\bin\java.dll

Deoptimization events (0 events):
No events

Classes unloaded (0 events):
No events

Classes redefined (0 events):
No events

Internal exceptions (0 events):
No events

VM Operations (0 events):
No events

Events (0 events):
No events


Dynamic libraries:
0x00007ff635e70000 - 0x00007ff635e7a000 	C:\Program Files\Android\Android Studio1\jbr\bin\java.exe
0x00007ffae06f0000 - 0x00007ffae0907000 	C:\WINDOWS\SYSTEM32\ntdll.dll
0x00007ffadeee0000 - 0x00007ffadefa4000 	C:\WINDOWS\System32\KERNEL32.DLL
0x00007ffadde20000 - 0x00007ffade1cc000 	C:\WINDOWS\System32\KERNELBASE.dll
0x00007ffade2a0000 - 0x00007ffade3b1000 	C:\WINDOWS\System32\ucrtbase.dll
0x00007ffad72d0000 - 0x00007ffad72eb000 	C:\Program Files\Android\Android Studio1\jbr\bin\VCRUNTIME140.dll
0x00007ffacbec0000 - 0x00007ffacbed7000 	C:\Program Files\Android\Android Studio1\jbr\bin\jli.dll
0x00007ffae0500000 - 0x00007ffae06ae000 	C:\WINDOWS\System32\USER32.dll
0x00007ffade270000 - 0x00007ffade296000 	C:\WINDOWS\System32\win32u.dll
0x00007ffadea40000 - 0x00007ffadea69000 	C:\WINDOWS\System32\GDI32.dll
0x00007ffac6b80000 - 0x00007ffac6e13000 	C:\WINDOWS\WinSxS\amd64_microsoft.windows.common-controls_6595b64144ccf1df_6.0.22621.3672_none_2713b9d173822955\COMCTL32.dll
0x00007ffaddb90000 - 0x00007ffaddca9000 	C:\WINDOWS\System32\gdi32full.dll
0x00007ffae01c0000 - 0x00007ffae0267000 	C:\WINDOWS\System32\msvcrt.dll
0x00007ffade1d0000 - 0x00007ffade26a000 	C:\WINDOWS\System32\msvcp_win.dll
0x00007ffade450000 - 0x00007ffade481000 	C:\WINDOWS\System32\IMM32.DLL
0x00007ffad9490000 - 0x00007ffad949c000 	C:\Program Files\Android\Android Studio1\jbr\bin\vcruntime140_1.dll
0x00007ffa91c00000 - 0x00007ffa91c8d000 	C:\Program Files\Android\Android Studio1\jbr\bin\msvcp140.dll
0x00007ffa2bc70000 - 0x00007ffa2c8f3000 	C:\Program Files\Android\Android Studio1\jbr\bin\server\jvm.dll
0x00007ffadee10000 - 0x00007ffadeec2000 	C:\WINDOWS\System32\ADVAPI32.dll
0x00007ffadea70000 - 0x00007ffadeb1a000 	C:\WINDOWS\System32\sechost.dll
0x00007ffaddb60000 - 0x00007ffaddb88000 	C:\WINDOWS\System32\bcrypt.dll
0x00007ffae03e0000 - 0x00007ffae04f5000 	C:\WINDOWS\System32\RPCRT4.dll
0x00007ffadd830000 - 0x00007ffadd87d000 	C:\WINDOWS\SYSTEM32\POWRPROF.dll
0x00007ffad93f0000 - 0x00007ffad9424000 	C:\WINDOWS\SYSTEM32\WINMM.dll
0x00007ffaba7e0000 - 0x00007ffaba7e9000 	C:\WINDOWS\SYSTEM32\WSOCK32.dll
0x00007ffad7820000 - 0x00007ffad782a000 	C:\WINDOWS\SYSTEM32\VERSION.dll
0x00007ffae0130000 - 0x00007ffae01a1000 	C:\WINDOWS\System32\WS2_32.dll
0x00007ffadd710000 - 0x00007ffadd723000 	C:\WINDOWS\SYSTEM32\UMPDC.dll
0x00007ffadca20000 - 0x00007ffadca38000 	C:\WINDOWS\SYSTEM32\kernel.appcore.dll
0x00007ffad4a70000 - 0x00007ffad4a7a000 	C:\Program Files\Android\Android Studio1\jbr\bin\jimage.dll
0x00007ffad60e0000 - 0x00007ffad6312000 	C:\WINDOWS\SYSTEM32\DBGHELP.DLL
0x00007ffade5c0000 - 0x00007ffade948000 	C:\WINDOWS\System32\combase.dll
0x00007ffade4e0000 - 0x00007ffade5b7000 	C:\WINDOWS\System32\OLEAUT32.dll
0x00007ffad4f60000 - 0x00007ffad4f92000 	C:\WINDOWS\SYSTEM32\dbgcore.DLL
0x00007ffaddae0000 - 0x00007ffaddb5b000 	C:\WINDOWS\System32\bcryptPrimitives.dll
0x00007ffad4330000 - 0x00007ffad4355000 	C:\Program Files\Android\Android Studio1\jbr\bin\java.dll

dbghelp: loaded successfully - version: 4.0.5 - missing functions: none
symbol engine: initialized successfully - sym options: 0x614 - pdb path: .;C:\Program Files\Android\Android Studio1\jbr\bin;C:\WINDOWS\SYSTEM32;C:\WINDOWS\WinSxS\amd64_microsoft.windows.common-controls_6595b64144ccf1df_6.0.22621.3672_none_2713b9d173822955;C:\Program Files\Android\Android Studio1\jbr\bin\server

VM Arguments:
java_command: org.jetbrains.kotlin.cli.jvm.K2JVMCompiler @D:\Synapse Android\Synapse\app\build\20240724_5335015609565644.compiler.options
java_class_path (initial): C:\Users\abhiv\.gradle\caches\modules-2\files-2.1\org.jetbrains.kotlin\kotlin-compiler-embeddable\1.9.21\a8f2d2fed3fc195beef3fab4a7fd1a844e101f0e\kotlin-compiler-embeddable-1.9.21.jar;C:\Users\abhiv\.gradle\caches\modules-2\files-2.1\org.jetbrains.kotlin\kotlin-stdlib\1.9.21\17ee3e873d439566c7d8354403b5f3d9744c4c9c\kotlin-stdlib-1.9.21.jar;C:\Users\abhiv\.gradle\caches\modules-2\files-2.1\org.jetbrains.kotlin\kotlin-script-runtime\1.9.21\f5ff679bd666f7f2376209fff998b775b7b701c7\kotlin-script-runtime-1.9.21.jar;C:\Users\abhiv\.gradle\caches\modules-2\files-2.1\org.jetbrains.kotlin\kotlin-reflect\1.6.10\1cbe9c92c12a94eea200d23c2bbaedaf3daf5132\kotlin-reflect-1.6.10.jar;C:\Users\abhiv\.gradle\caches\modules-2\files-2.1\org.jetbrains.kotlin\kotlin-daemon-embeddable\1.9.21\e21e55f41ec5f254aec366097b902709b5843234\kotlin-daemon-embeddable-1.9.21.jar;C:\Users\abhiv\.gradle\caches\modules-2\files-2.1\org.jetbrains.intellij.deps\trove4j\1.0.20200330\3afb14d5f9ceb459d724e907a21145e8ff394f02\trove4j-1.0.20200330.jar;C:\Users\abhiv\.gradle\caches\modules-2\files-2.1\org.jetbrains\annotations\13.0\919f0dfe192fb4e063e7dacadee7f8bb9a2672a9\annotations-13.0.jar
Launcher Type: SUN_STANDARD

[Global flags]
     intx CICompilerCount                          = 4                                         {product} {ergonomic}
     uint ConcGCThreads                            = 3                                         {product} {ergonomic}
     uint G1ConcRefinementThreads                  = 10                                        {product} {ergonomic}
   size_t G1HeapRegionSize                         = 2097152                                   {product} {ergonomic}
    uintx GCDrainStackTargetSize                   = 64                                        {product} {ergonomic}
   size_t InitialHeapSize                          = 260046848                                 {product} {ergonomic}
   size_t MarkStackSize                            = 4194304                                   {product} {ergonomic}
   size_t MaxHeapSize                              = 4139778048                                {product} {ergonomic}
   size_t MinHeapDeltaBytes                        = 2097152                                   {product} {ergonomic}
   size_t MinHeapSize                              = 8388608                                   {product} {ergonomic}
    uintx NonNMethodCodeHeapSize                   = 5839372                                {pd product} {ergonomic}
    uintx NonProfiledCodeHeapSize                  = 122909434                              {pd product} {ergonomic}
    uintx ProfiledCodeHeapSize                     = 122909434                              {pd product} {ergonomic}
    uintx ReservedCodeCacheSize                    = 251658240                              {pd product} {ergonomic}
     bool SegmentedCodeCache                       = true                                      {product} {ergonomic}
   size_t SoftMaxHeapSize                          = 4139778048                             {manageable} {ergonomic}
     bool UseCompressedClassPointers               = true                           {product lp64_product} {ergonomic}
     bool UseCompressedOops                        = true                           {product lp64_product} {ergonomic}
     bool UseG1GC                                  = true                                      {product} {ergonomic}
     bool UseLargePagesIndividualAllocation        = false                                  {pd product} {ergonomic}

Logging:
Log output configuration:
 #0: stdout all=warning uptime,level,tags
 #1: stderr all=off uptime,level,tags

Environment Variables:
PATH=C:\Program Files (x86)\VMware\VMware Player\bin\;C:\Program Files\Common Files\Oracle\Java\javapath;C:\Program Files (x86)\Common Files\Oracle\Java\javapath;C:\Windows\system32;C:\Windows;C:\Windows\System32\Wbem;C:\Windows\System32\WindowsPowerShell\v1.0\;C:\Windows\System32\OpenSSH\;C:\Program Files (x86)\NVIDIA Corporation\PhysX\Common;C:\Program Files\NVIDIA Corporation\NVIDIA NvDLISR;C:\WINDOWS\system32;C:\WINDOWS;C:\WINDOWS\System32\Wbem;C:\WINDOWS\System32\WindowsPowerShell\v1.0\;C:\WINDOWS\System32\OpenSSH\;C:\Program Files\dotnet\;C:\Users\abhiv\Downloads\installation\runtime\win64;C:\Users\abhiv\Downloads\installation\bin;C:\Users\abhiv\Downloads\installation\polyspace\bin;C:\Program Files\Microsoft SQL Server\Client SDK\ODBC\110\Tools\Binn\;C:\Program Files (x86)\Microsoft SQL Server\120\Tools\Binn\;C:\Program Files\Microsoft SQL Server\120\Tools\Binn\;C:\Program Files\Microsoft SQL Server\120\DTS\Binn\;C:\Program Files\Git\cmd;C:\Program Files (x86)\Windows Kits\8.1\Windows Performance Toolkit\;C:\MinGW\bin;C:\Program Files\nodejs\;C:\Program Files\Go\bin;C:\Program Files\Docker\Docker\resources\bin;C:\Program Files\MySQL\MySQL Shell 8.0\bin\;C:\Users\abhiv\AppData\Local\Programs\Python\Python39\Scripts\;C:\Users\abhiv\AppData\Local\Programs\Python\Python39\;C:\Users\abhiv\AppData\Local\Microsoft\WindowsApps;C:\Users\abhiv\AppData\Local\Programs\Microsoft VS Code\bin;C:\Users\abhiv\AppData\Local\Android\Sdk\platform-tools;C:\Program Files\MySQL\MySQL Server 8.0\bin;C:\MinGW\bin;C:\Users\abhiv\AppData\Roaming\npm;C:\Users\abhiv\go\bin;
USERNAME=DE4DSHOT
OS=Windows_NT
PROCESSOR_IDENTIFIER=AMD64 Family 23 Model 96 Stepping 1, AuthenticAMD
TMP=C:\Users\abhiv\AppData\Local\Temp
TEMP=C:\Users\abhiv\AppData\Local\Temp



Periodic native trim disabled

JNI global refs:
JNI global refs: 0, weak refs: 0

JNI global refs memory usage: 0, weak refs: 0

OOME stack traces (most recent first):
Classloader memory used:


---------------  S Y S T E M  ---------------

OS:
 Windows 11 , 64 bit Build 22621 (10.0.22621.3672)
OS uptime: 17 days 3:50 hours
Hyper-V role detected

CPU: total 12 (initial active 12) (12 cores per cpu, 2 threads per core) family 23 model 96 stepping 1 microcode 0x0, cx8, cmov, fxsr, ht, mmx, 3dnowpref, sse, sse2, sse3, ssse3, sse4a, sse4.1, sse4.2, popcnt, lzcnt, tsc, tscinvbit, avx, avx2, aes, clmul, bmi1, bmi2, adx, sha, fma, vzeroupper, clflush, clflushopt, hv
Processor Information for all 12 processors :
  Max Mhz: 3000, Current Mhz: 3000, Mhz Limit: 3000

Memory: 4k page, system-wide physical 15791M (143M free)
TotalPageFile size 64943M (AvailPageFile size 5M)
current process WorkingSet (physical memory assigned to process): 11M, peak: 11M
current process commit charge ("private bytes"): 60M, peak: 61M

vm_info: OpenJDK 64-Bit Server VM (17.0.9+0--11185874) for windows-amd64 JRE (17.0.9+0--11185874), built on Dec  6 2023 18:57:44 by "androidbuild" with MS VC++ 16.10 / 16.11 (VS2019)

END.
